release prepare

Edits the package.json and changelog files to prepare for release.

Options:
  --version        Show version number                                 [boolean]
  --help           Show help                                           [boolean]
  --fromStdin      Read the summary of changes from stdin instead of building
                   them from scratch.                                  [boolean]
  --singlePackage  Allows you to run this command in a non monorepo and define
                   the package name                                     [string]

Error: Command failed with exit code 1: node /home/runner/work/starbeam-lite/starbeam-lite/node_modules/.pnpm/github-changelog@1.0.0/node_modules/github-changelog/bin/cli.js --next-version Release
PackageJsonMissingNameError: The following package.jsons are missing the "name" field:
packages/@starbeam-lite/core/tests/package.json
packages/@starbeam-lite/shared/tests/package.json
    at validatePackages (/home/runner/work/starbeam-lite/starbeam-lite/node_modules/.pnpm/@manypkg+get-packages@2.2.1/node_modules/@manypkg/get-packages/dist/manypkg-get-packages.cjs.dev.js:57:11)
    at getPackagesSync (/home/runner/work/starbeam-lite/starbeam-lite/node_modules/.pnpm/@manypkg+get-packages@2.2.1/node_modules/@manypkg/get-packages/dist/manypkg-get-packages.cjs.dev.js:45:3)
    at getPackages (/home/runner/work/starbeam-lite/starbeam-lite/node_modules/.pnpm/github-changelog@1.0.0/node_modules/github-changelog/lib/configuration.js:17:28)
    at fromPath (/home/runner/work/starbeam-lite/starbeam-lite/node_modules/.pnpm/github-changelog@1.0.0/node_modules/github-changelog/lib/configuration.js:34:22)
    at load (/home/runner/work/starbeam-lite/starbeam-lite/node_modules/.pnpm/github-changelog@1.0.0/node_modules/github-changelog/lib/configuration.js:12:12)
    at Object.<anonymous> (/home/runner/work/starbeam-lite/starbeam-lite/node_modules/.pnpm/github-changelog@1.0.0/node_modules/github-changelog/lib/cli.js:70:51)
    at Generator.next (<anonymous>)
    at /home/runner/work/starbeam-lite/starbeam-lite/node_modules/.pnpm/github-changelog@1.0.0/node_modules/github-changelog/lib/cli.js:8:71
    at new Promise (<anonymous>)
    at __awaiter (/home/runner/work/starbeam-lite/starbeam-lite/node_modules/.pnpm/github-changelog@1.0.0/node_modules/github-changelog/lib/cli.js:4:12) {
  directories: [
    'packages/@starbeam-lite/core/tests/package.json',
    'packages/@starbeam-lite/shared/tests/package.json'
  ]
}
Error: Command failed with exit code 128: git describe --abbrev=0 --tags
fatal: No names found, cannot describe anything.
    at makeError (/home/runner/work/starbeam-lite/starbeam-lite/node_modules/.pnpm/execa@5.1.1/node_modules/execa/lib/error.js:60:11)
    at module.exports.sync (/home/runner/work/starbeam-lite/starbeam-lite/node_modules/.pnpm/execa@5.1.1/node_modules/execa/index.js:194:17)
    at Object.lastTag (/home/runner/work/starbeam-lite/starbeam-lite/node_modules/.pnpm/github-changelog@1.0.0/node_modules/github-changelog/lib/git.js:31:18)
    at Changelog.<anonymous> (/home/runner/work/starbeam-lite/starbeam-lite/node_modules/.pnpm/github-changelog@1.0.0/node_modules/github-changelog/lib/changelog.js:32:56)
    at Generator.next (<anonymous>)
    at /home/runner/work/starbeam-lite/starbeam-lite/node_modules/.pnpm/github-changelog@1.0.0/node_modules/github-changelog/lib/changelog.js:8:71
    at new Promise (<anonymous>)
    at __awaiter (/home/runner/work/starbeam-lite/starbeam-lite/node_modules/.pnpm/github-changelog@1.0.0/node_modules/github-changelog/lib/changelog.js:4:12)
    at Changelog.createMarkdown (/home/runner/work/starbeam-lite/starbeam-lite/node_modules/.pnpm/github-changelog@1.0.0/node_modules/github-changelog/lib/changelog.js:31:16)
    at Object.<anonymous> (/home/runner/work/starbeam-lite/starbeam-lite/node_modules/.pnpm/github-changelog@1.0.0/node_modules/github-changelog/lib/cli.js:77:64)
    at makeError (/home/runner/work/starbeam-lite/starbeam-lite/node_modules/.pnpm/execa@4.1.0/node_modules/execa/lib/error.js:59:11)
    at handlePromise (/home/runner/work/starbeam-lite/starbeam-lite/node_modules/.pnpm/execa@4.1.0/node_modules/execa/index.js:114:26)
    at process.processTicksAndRejections (node:internal/process/task_queues:95:5)
    at async gatherChanges (file:///home/runner/work/starbeam-lite/starbeam-lite/node_modules/.pnpm/release-plan@0.9.0/node_modules/release-plan/dist/gather-changes.js:8:20)
    at async newChangelogContent (file:///home/runner/work/starbeam-lite/starbeam-lite/node_modules/.pnpm/release-plan@0.9.0/node_modules/release-plan/dist/cli.js:78:19)
    at async Object.handler (file:///home/runner/work/starbeam-lite/starbeam-lite/node_modules/.pnpm/release-plan@0.9.0/node_modules/release-plan/dist/cli.js:14:36) {
  shortMessage: 'Command failed with exit code 1: node /home/runner/work/starbeam-lite/starbeam-lite/node_modules/.pnpm/github-changelog@1.0.0/node_modules/github-changelog/bin/cli.js --next-version Release',
  command: 'node /home/runner/work/starbeam-lite/starbeam-lite/node_modules/.pnpm/github-changelog@1.0.0/node_modules/github-changelog/bin/cli.js --next-version Release',
  exitCode: 1,
  signal: undefined,
  signalDescription: undefined,
  stdout: 'Error: Command failed with exit code 128: git describe --abbrev=0 --tags\n' +
    'fatal: No names found, cannot describe anything.\n' +
    '    at makeError (/home/runner/work/starbeam-lite/starbeam-lite/node_modules/.pnpm/execa@5.1.1/node_modules/execa/lib/error.js:60:11)\n' +
    '    at module.exports.sync (/home/runner/work/starbeam-lite/starbeam-lite/node_modules/.pnpm/execa@5.1.1/node_modules/execa/index.js:194:17)\n' +
    '    at Object.lastTag (/home/runner/work/starbeam-lite/starbeam-lite/node_modules/.pnpm/github-changelog@1.0.0/node_modules/github-changelog/lib/git.js:31:18)\n' +
    '    at Changelog.<anonymous> (/home/runner/work/starbeam-lite/starbeam-lite/node_modules/.pnpm/github-changelog@1.0.0/node_modules/github-changelog/lib/changelog.js:32:56)\n' +
    '    at Generator.next (<anonymous>)\n' +
    '    at /home/runner/work/starbeam-lite/starbeam-lite/node_modules/.pnpm/github-changelog@1.0.0/node_modules/github-changelog/lib/changelog.js:8:71\n' +
    '    at new Promise (<anonymous>)\n' +
    '    at __awaiter (/home/runner/work/starbeam-lite/starbeam-lite/node_modules/.pnpm/github-changelog@1.0.0/node_modules/github-changelog/lib/changelog.js:4:12)\n' +
    '    at Changelog.createMarkdown (/home/runner/work/starbeam-lite/starbeam-lite/node_modules/.pnpm/github-changelog@1.0.0/node_modules/github-changelog/lib/changelog.js:31:16)\n' +
    '    at Object.<anonymous> (/home/runner/work/starbeam-lite/starbeam-lite/node_modules/.pnpm/github-changelog@1.0.0/node_modules/github-changelog/lib/cli.js:77:64)',
  stderr: 'PackageJsonMissingNameError: The following package.jsons are missing the "name" field:\n' +
    'packages/@starbeam-lite/core/tests/package.json\n' +
    'packages/@starbeam-lite/shared/tests/package.json\n' +
    '    at validatePackages (/home/runner/work/starbeam-lite/starbeam-lite/node_modules/.pnpm/@manypkg+get-packages@2.2.1/node_modules/@manypkg/get-packages/dist/manypkg-get-packages.cjs.dev.js:57:11)\n' +
    '    at getPackagesSync (/home/runner/work/starbeam-lite/starbeam-lite/node_modules/.pnpm/@manypkg+get-packages@2.2.1/node_modules/@manypkg/get-packages/dist/manypkg-get-packages.cjs.dev.js:45:3)\n' +
    '    at getPackages (/home/runner/work/starbeam-lite/starbeam-lite/node_modules/.pnpm/github-changelog@1.0.0/node_modules/github-changelog/lib/configuration.js:17:28)\n' +
    '    at fromPath (/home/runner/work/starbeam-lite/starbeam-lite/node_modules/.pnpm/github-changelog@1.0.0/node_modules/github-changelog/lib/configuration.js:34:22)\n' +
    '    at load (/home/runner/work/starbeam-lite/starbeam-lite/node_modules/.pnpm/github-changelog@1.0.0/node_modules/github-changelog/lib/configuration.js:12:12)\n' +
    '    at Object.<anonymous> (/home/runner/work/starbeam-lite/starbeam-lite/node_modules/.pnpm/github-changelog@1.0.0/node_modules/github-changelog/lib/cli.js:70:51)\n' +
    '    at Generator.next (<anonymous>)\n' +
    '    at /home/runner/work/starbeam-lite/starbeam-lite/node_modules/.pnpm/github-changelog@1.0.0/node_modules/github-changelog/lib/cli.js:8:71\n' +
    '    at new Promise (<anonymous>)\n' +
    '    at __awaiter (/home/runner/work/starbeam-lite/starbeam-lite/node_modules/.pnpm/github-changelog@1.0.0/node_modules/github-changelog/lib/cli.js:4:12) {\n' +
    '  directories: [\n' +
    "    'packages/@starbeam-lite/core/tests/package.json',\n" +
    "    'packages/@starbeam-lite/shared/tests/package.json'\n" +
    '  ]\n' +
    '}',
  failed: true,
  timedOut: false,
  isCanceled: false,
  killed: false
}
